(13/28/2017) WARN  -> Unable to locate file for Player (C:\users\eddie\documents\github\robotdodge\Resources\images\/resources/images/player.png) [C:/Users/acain/Documents/Code/splashkit/coresdk/src/coresdk/images.cpp:88]
(13/28/2017) WARN  -> Error trying to draw bitmap: passed in bmp is an invalid bitmap pointer. [C:/Users/acain/Documents/Code/splashkit/coresdk/src/coresdk/images.cpp:212]
(23/22/2017) WARN  -> Attempting to get width of invalid window [C:/Users/acain/Documents/Code/splashkit/coresdk/src/coresdk/window_manager.cpp:271]
(23/22/2017) WARN  -> Attempting to get height of invalid window [C:/Users/acain/Documents/Code/splashkit/coresdk/src/coresdk/window_manager.cpp:292]
(23/22/2017) WARN  -> Attempting to clear an invalid window! [C:/Users/acain/Documents/Code/splashkit/coresdk/src/coresdk/window_manager.cpp:136]
(23/22/2017) WARN  -> Attempting to draw to a surface that does not exist. [C:/Users/acain/Documents/Code/splashkit/coresdk/src/backend/utility_functions.cpp:198]
(23/22/2017) WARN  -> Attempting to refresh an invalid window! [C:/Users/acain/Documents/Code/splashkit/coresdk/src/coresdk/window_manager.cpp:119]
(23/22/2017) WARN  -> Attempting to get width of invalid window [C:/Users/acain/Documents/Code/splashkit/coresdk/src/coresdk/window_manager.cpp:271]
(23/22/2017) WARN  -> Attempting to get height of invalid window [C:/Users/acain/Documents/Code/splashkit/coresdk/src/coresdk/window_manager.cpp:292]
(23/22/2017) WARN  -> Attempting to clear an invalid window! [C:/Users/acain/Documents/Code/splashkit/coresdk/src/coresdk/window_manager.cpp:136]
(23/22/2017) WARN  -> Attempting to draw to a surface that does not exist. [C:/Users/acain/Documents/Code/splashkit/coresdk/src/backend/utility_functions.cpp:198]
(23/22/2017) WARN  -> Attempting to refresh an invalid window! [C:/Users/acain/Documents/Code/splashkit/coresdk/src/coresdk/window_manager.cpp:119]
(23/23/2017) WARN  -> Attempting to clear an invalid window! [C:/Users/acain/Documents/Code/splashkit/coresdk/src/coresdk/window_manager.cpp:136]
(23/23/2017) WARN  -> Attempting to draw to a surface that does not exist. [C:/Users/acain/Documents/Code/splashkit/coresdk/src/backend/utility_functions.cpp:198]
(23/23/2017) WARN  -> Attempting to refresh an invalid window! [C:/Users/acain/Documents/Code/splashkit/coresdk/src/coresdk/window_manager.cpp:119]
(24/56/2017) WARN  -> Attempting to get width of invalid window [C:/Users/acain/Documents/Code/splashkit/coresdk/src/coresdk/window_manager.cpp:271]
(24/56/2017) WARN  -> Attempting to get width of invalid window [C:/Users/acain/Documents/Code/splashkit/coresdk/src/coresdk/window_manager.cpp:271]
(24/56/2017) WARN  -> Attempting to get width of invalid window [C:/Users/acain/Documents/Code/splashkit/coresdk/src/coresdk/window_manager.cpp:271]
(24/57/2017) WARN  -> Attempting to get width of invalid window [C:/Users/acain/Documents/Code/splashkit/coresdk/src/coresdk/window_manager.cpp:271]
(24/57/2017) WARN  -> Attempting to get width of invalid window [C:/Users/acain/Documents/Code/splashkit/coresdk/src/coresdk/window_manager.cpp:271]
(24/57/2017) WARN  -> Attempting to get width of invalid window [C:/Users/acain/Documents/Code/splashkit/coresdk/src/coresdk/window_manager.cpp:271]
(24/57/2017) WARN  -> Attempting to get width of invalid window [C:/Users/acain/Documents/Code/splashkit/coresdk/src/coresdk/window_manager.cpp:271]
(24/57/2017) WARN  -> Attempting to get width of invalid window [C:/Users/acain/Documents/Code/splashkit/coresdk/src/coresdk/window_manager.cpp:271]
(24/57/2017) WARN  -> Attempting to get width of invalid window [C:/Users/acain/Documents/Code/splashkit/coresdk/src/coresdk/window_manager.cpp:271]
(24/14/2017) WARN  -> Attempting to get width of invalid window [C:/Users/acain/Documents/Code/splashkit/coresdk/src/coresdk/window_manager.cpp:271]
(24/14/2017) WARN  -> Attempting to get width of invalid window [C:/Users/acain/Documents/Code/splashkit/coresdk/src/coresdk/window_manager.cpp:271]
(24/14/2017) WARN  -> Attempting to get height of invalid window [C:/Users/acain/Documents/Code/splashkit/coresdk/src/coresdk/window_manager.cpp:292]
(24/14/2017) WARN  -> Attempting to get height of invalid window [C:/Users/acain/Documents/Code/splashkit/coresdk/src/coresdk/window_manager.cpp:292]
(24/18/2017) WARN  -> Attempting to get width of invalid window [C:/Users/acain/Documents/Code/splashkit/coresdk/src/coresdk/window_manager.cpp:271]
(24/18/2017) WARN  -> Attempting to get width of invalid window [C:/Users/acain/Documents/Code/splashkit/coresdk/src/coresdk/window_manager.cpp:271]
(24/18/2017) WARN  -> Attempting to get height of invalid window [C:/Users/acain/Documents/Code/splashkit/coresdk/src/coresdk/window_manager.cpp:292]
(24/18/2017) WARN  -> Attempting to get height of invalid window [C:/Users/acain/Documents/Code/splashkit/coresdk/src/coresdk/window_manager.cpp:292]
(24/25/2017) WARN  -> Attempting to get width of invalid window [C:/Users/acain/Documents/Code/splashkit/coresdk/src/coresdk/window_manager.cpp:271]
(24/25/2017) WARN  -> Attempting to get width of invalid window [C:/Users/acain/Documents/Code/splashkit/coresdk/src/coresdk/window_manager.cpp:271]
(24/25/2017) WARN  -> Attempting to get height of invalid window [C:/Users/acain/Documents/Code/splashkit/coresdk/src/coresdk/window_manager.cpp:292]
(24/25/2017) WARN  -> Attempting to get height of invalid window [C:/Users/acain/Documents/Code/splashkit/coresdk/src/coresdk/window_manager.cpp:292]
(24/03/2017) WARN  -> Attempting to get width of invalid window [C:/Users/acain/Documents/Code/splashkit/coresdk/src/coresdk/window_manager.cpp:271]
(24/03/2017) WARN  -> Attempting to get width of invalid window [C:/Users/acain/Documents/Code/splashkit/coresdk/src/coresdk/window_manager.cpp:271]
(24/03/2017) WARN  -> Attempting to get height of invalid window [C:/Users/acain/Documents/Code/splashkit/coresdk/src/coresdk/window_manager.cpp:292]
(24/03/2017) WARN  -> Attempting to get height of invalid window [C:/Users/acain/Documents/Code/splashkit/coresdk/src/coresdk/window_manager.cpp:292]
(24/04/2017) WARN  -> Attempting to get width of invalid window [C:/Users/acain/Documents/Code/splashkit/coresdk/src/coresdk/window_manager.cpp:271]
(24/04/2017) WARN  -> Attempting to get width of invalid window [C:/Users/acain/Documents/Code/splashkit/coresdk/src/coresdk/window_manager.cpp:271]
(24/04/2017) WARN  -> Attempting to get height of invalid window [C:/Users/acain/Documents/Code/splashkit/coresdk/src/coresdk/window_manager.cpp:292]
(24/04/2017) WARN  -> Attempting to get height of invalid window [C:/Users/acain/Documents/Code/splashkit/coresdk/src/coresdk/window_manager.cpp:292]
(24/05/2017) WARN  -> Attempting to get width of invalid window [C:/Users/acain/Documents/Code/splashkit/coresdk/src/coresdk/window_manager.cpp:271]
(24/05/2017) WARN  -> Attempting to get width of invalid window [C:/Users/acain/Documents/Code/splashkit/coresdk/src/coresdk/window_manager.cpp:271]
(24/05/2017) WARN  -> Attempting to get height of invalid window [C:/Users/acain/Documents/Code/splashkit/coresdk/src/coresdk/window_manager.cpp:292]
(24/05/2017) WARN  -> Attempting to get height of invalid window [C:/Users/acain/Documents/Code/splashkit/coresdk/src/coresdk/window_manager.cpp:292]
(26/18/2017) WARN  -> Attempting to get width of invalid window [C:/Users/acain/Documents/Code/splashkit/coresdk/src/coresdk/window_manager.cpp:271]
(26/18/2017) WARN  -> Attempting to get width of invalid window [C:/Users/acain/Documents/Code/splashkit/coresdk/src/coresdk/window_manager.cpp:271]
(26/18/2017) WARN  -> Attempting to get height of invalid window [C:/Users/acain/Documents/Code/splashkit/coresdk/src/coresdk/window_manager.cpp:292]
(26/18/2017) WARN  -> Attempting to get height of invalid window [C:/Users/acain/Documents/Code/splashkit/coresdk/src/coresdk/window_manager.cpp:292]
(26/26/2017) WARN  -> Attempting to get width of invalid window [C:/Users/acain/Documents/Code/splashkit/coresdk/src/coresdk/window_manager.cpp:271]
(26/26/2017) WARN  -> Attempting to get width of invalid window [C:/Users/acain/Documents/Code/splashkit/coresdk/src/coresdk/window_manager.cpp:271]
(26/26/2017) WARN  -> Attempting to get height of invalid window [C:/Users/acain/Documents/Code/splashkit/coresdk/src/coresdk/window_manager.cpp:292]
(26/26/2017) WARN  -> Attempting to get height of invalid window [C:/Users/acain/Documents/Code/splashkit/coresdk/src/coresdk/window_manager.cpp:292]
